2017-11-22 16:46:28,096 - topic.py:43 - pykafka.topic - INFO - Could not load pykafka.rdkafka extension.
2017-11-22 16:46:28,112 - jxmsgsend.py:30 - Send_ini - INFO - msgpush service start...
2017-11-22 16:46:28,112 - msgsendpool.py:63 - Send_ini - INFO - The class CMsgSendWoker is running
2017-11-22 16:46:28,114 - kafkahandler_msgsend.py:24 - Send_ini - INFO - THE class MsgSendHandler is running
2017-11-22 16:46:28,132 - jxmsgsend.py:37 - Send_ini - INFO - msgpush service start...ok

2017-11-22 16:46:38,362 - topic.py:43 - pykafka.topic - INFO - Could not load pykafka.rdkafka extension.
2017-11-22 16:46:38,380 - jxmsgsend.py:30 - Send_ini - INFO - msgpush service start...
2017-11-22 16:46:38,380 - msgsendpool.py:63 - Send_ini - INFO - The class CMsgSendWoker is running
2017-11-22 16:46:38,380 - kafkahandler_msgsend.py:24 - Send_ini - INFO - THE class MsgSendHandler is running
2017-11-22 16:46:38,398 - jxmsgsend.py:37 - Send_ini - INFO - msgpush service start...ok

2017-11-22 16:47:26,734 - topic.py:43 - pykafka.topic - INFO - Could not load pykafka.rdkafka extension.
2017-11-22 16:47:26,750 - jxmsgsend.py:30 - Send_ini - INFO - msgpush service start...
2017-11-22 16:47:26,750 - msgsendpool.py:63 - Send_ini - INFO - The class CMsgSendWoker is running
2017-11-22 16:47:26,750 - kafkahandler_msgsend.py:24 - Send_ini - INFO - THE class MsgSendHandler is running
2017-11-22 16:47:26,775 - jxmsgsend.py:37 - Send_ini - INFO - msgpush service start...ok

2017-11-22 16:47:45,775 - kafkahandler_msgsend.py:55 - Send_output - INFO - KAFKA---kafka-MsgSendHandler:message offset=89,value={"MsgSend_company":"0","MsgSend_mobile":"17826855137","MsgSend_content":"【臻e盾】捷信报警联网系统，验证码：7811, 有效期3分钟,请勿泄漏。"}
2017-11-22 16:47:45,780 - msgsendpool.py:80 - Send_output - INFO - message is pop from MsgList:
2017-11-22 16:47:45,880 - msgsendpool.py:103 - Send_output - INFO - SEND---return result：status_code=200,text={"returnstatus":"Success","message":"操作成功","remainpoint":"102608","taskID":"1711224056414970","successCounts":"1"}
2017-11-22 16:47:45,973 - msgsendpool.py:59 - Send_output - INFO - Insert the data into database is finishied
2017-11-22 16:48:01,388 - kafkahandler_msgsend.py:55 - Send_output - INFO - KAFKA---kafka-MsgSendHandler:message offset=90,value=kk
2017-11-22 16:48:01,388 - kafkahandler_msgsend.py:62 - Send_error - ERROR - kafka-MsgSendHandler message excepterr_msg:No JSON object could be decoded
2017-11-22 16:49:18,115 - topic.py:43 - pykafka.topic - INFO - Could not load pykafka.rdkafka extension.
2017-11-22 16:49:18,131 - jxmsgsend.py:30 - Send_ini - INFO - msgpush service start...
2017-11-22 16:49:18,131 - msgsendpool.py:63 - Send_ini - INFO - The class CMsgSendWoker is running
2017-11-22 16:49:18,131 - kafkahandler_msgsend.py:24 - Send_ini - INFO - THE class MsgSendHandler is running
2017-11-22 16:49:18,154 - jxmsgsend.py:37 - Send_ini - INFO - msgpush service start...ok

2017-11-22 16:49:49,153 - kafkahandler_msgsend.py:55 - Send_output - INFO - KAFKA---kafka-MsgSendHandler:message offset=91,value=l
2017-11-22 16:49:49,154 - kafkahandler_msgsend.py:62 - Send_error - ERROR - kafka-MsgSendHandler message excepterr_msg:No JSON object could be decoded
2017-11-22 16:49:49,154 - kafkahandler_msgsend.py:63 - Send_error - ERROR - <pykafka.protocol.Message object at 0x036625A8>
